Using pre-set license
Built from '2020.3/staging' branch; Version is '2020.3.19f1 (68f137dc9bbe) revision 6877495'; Using compiler version '192528614'; Build Type 'Release'
OS: 'Windows 10 Pro; OS build 19043.1237; Version 2009; 64bit' Language: 'es' Physical Memory: 16342 MB
BatchMode: 1, IsHumanControllingUs: 0, StartBugReporterOnCrash: 0, Is64bit: 1, IsPro: 0

COMMAND LINE ARGUMENTS:
C:\Program Files\Unity\Hub\Editor\2020.3.19f1\Editor\Unity.exe
-adb2
-batchMode
-noUpm
-name
AssetImportWorker0
-projectPath
D:/Ana_Huguet/Desarrollo_Multidispositivo/Entregable1_Ana_Huguet/Entregable1
-logFile
Logs/AssetImportWorker0.log
-srvPort
52759
Successfully changed project path to: D:/Ana_Huguet/Desarrollo_Multidispositivo/Entregable1_Ana_Huguet/Entregable1
D:/Ana_Huguet/Desarrollo_Multidispositivo/Entregable1_Ana_Huguet/Entregable1
Using Asset Import Pipeline V2.
Refreshing native plugins compatible for Editor in 29.63 ms, found 2 plugins.
Preloading 0 native plugins for Editor in 0.00 ms.
Initialize engine version: 2020.3.19f1 (68f137dc9bbe)
[Subsystems] Discovering subsystems at path C:/Program Files/Unity/Hub/Editor/2020.3.19f1/Editor/Data/Resources/UnitySubsystems
[Subsystems] Discovering subsystems at path D:/Ana_Huguet/Desarrollo_Multidispositivo/Entregable1_Ana_Huguet/Entregable1/Assets
GfxDevice: creating device client; threaded=0
Direct3D:
    Version:  Direct3D 11.0 [level 11.1]
    Renderer: NVIDIA GeForce GTX 1050 Ti (ID=0x1c82)
    Vendor:   
    VRAM:     4018 MB
    Driver:   27.21.14.5671
Initialize mono
Mono path[0] = 'C:/Program Files/Unity/Hub/Editor/2020.3.19f1/Editor/Data/Managed'
Mono path[1] = 'C:/Program Files/Unity/Hub/Editor/2020.3.19f1/Editor/Data/MonoBleedingEdge/lib/mono/unityjit'
Mono config path = 'C:/Program Files/Unity/Hub/Editor/2020.3.19f1/Editor/Data/MonoBleedingEdge/etc'
Using monoOptions --debugger-agent=transport=dt_socket,embedding=1,server=y,suspend=n,address=127.0.0.1:56948
Begin MonoManager ReloadAssembly
Registering precompiled unity dll's ...
Register platform support module: C:/Program Files/Unity/Hub/Editor/2020.3.19f1/Editor/Data/PlaybackEngines/WindowsStandaloneSupport/UnityEditor.WindowsStandalone.Extensions.dll
Registered in 0.001937 seconds.
Native extension for WindowsStandalone target not found
Refreshing native plugins compatible for Editor in 30.02 ms, found 2 plugins.
Preloading 0 native plugins for Editor in 0.00 ms.
Mono: successfully reloaded assembly
- Completed reload, in  1.166 seconds
Domain Reload Profiling:
	ReloadAssembly (1166ms)
		BeginReloadAssembly (58ms)
			ExecutionOrderSort (0ms)
			DisableScriptedObjects (0ms)
			BackupInstance (0ms)
			ReleaseScriptingObjects (0ms)
			CreateAndSetChildDomain (1ms)
		EndReloadAssembly (462ms)
			LoadAssemblies (55ms)
			RebuildTransferFunctionScriptingTraits (0ms)
			SetupTypeCache (174ms)
			ReleaseScriptCaches (0ms)
			RebuildScriptCaches (35ms)
			SetupLoadedEditorAssemblies (166ms)
				LogAssemblyErrors (0ms)
				InitializePlatformSupportModulesInManaged (4ms)
				SetLoadedEditorAssemblies (0ms)
				RefreshPlugins (30ms)
				BeforeProcessingInitializeOnLoad (18ms)
				ProcessInitializeOnLoadAttributes (84ms)
				ProcessInitializeOnLoadMethodAttributes (29ms)
				AfterProcessingInitializeOnLoad (0ms)
				EditorAssembliesLoaded (0ms)
			ExecutionOrderSort2 (0ms)
			AwakeInstancesAfterBackupRestoration (0ms)
Platform modules already initialized, skipping
Registering precompiled user dll's ...
Registered in 0.001782 seconds.
Begin MonoManager ReloadAssembly
Native extension for WindowsStandalone target not found
Refreshing native plugins compatible for Editor in 0.30 ms, found 2 plugins.
Preloading 0 native plugins for Editor in 0.00 ms.
Mono: successfully reloaded assembly
- Completed reload, in  1.035 seconds
Domain Reload Profiling:
	ReloadAssembly (1036ms)
		BeginReloadAssembly (153ms)
			ExecutionOrderSort (0ms)
			DisableScriptedObjects (6ms)
			BackupInstance (0ms)
			ReleaseScriptingObjects (0ms)
			CreateAndSetChildDomain (19ms)
		EndReloadAssembly (817ms)
			LoadAssemblies (84ms)
			RebuildTransferFunctionScriptingTraits (0ms)
			SetupTypeCache (285ms)
			ReleaseScriptCaches (0ms)
			RebuildScriptCaches (42ms)
			SetupLoadedEditorAssemblies (310ms)
				LogAssemblyErrors (0ms)
				InitializePlatformSupportModulesInManaged (5ms)
				SetLoadedEditorAssemblies (0ms)
				RefreshPlugins (0ms)
				BeforeProcessingInitializeOnLoad (78ms)
				ProcessInitializeOnLoadAttributes (215ms)
				ProcessInitializeOnLoadMethodAttributes (5ms)
				AfterProcessingInitializeOnLoad (6ms)
				EditorAssembliesLoaded (0ms)
			ExecutionOrderSort2 (0ms)
			AwakeInstancesAfterBackupRestoration (7ms)
Platform modules already initialized, skipping
========================================================================
Worker process is ready to serve import requests
Launched and connected shader compiler UnityShaderCompiler.exe after 0.04 seconds
Refreshing native plugins compatible for Editor in 0.28 ms, found 2 plugins.
Preloading 0 native plugins for Editor in 0.00 ms.
Unloading 1397 Unused Serialized files (Serialized files now loaded: 0)
System memory in use before: 65.2 MB.
System memory in use after: 65.3 MB.

Unloading 16 unused Assets to reduce memory usage. Loaded Objects now: 1832.
Total: 2.736300 ms (FindLiveObjects: 0.140700 ms CreateObjectMapping: 0.045600 ms MarkObjects: 2.459700 ms  DeleteObjects: 0.089200 ms)

AssetImportParameters requested are different than current active one (requested -> active):
  custom:framework-win-MediaFoundation: 216162199b28c13a410421893ffa2e32 -> 
  custom:video-decoder-ogg-theora: a1e56fd34408186e4bbccfd4996cb3dc -> 
  custom:container-muxer-webm: aa71ff27fc2769a1b78a27578f13a17b -> 
  custom:container-demuxer-webm: 4f35f7cbe854078d1ac9338744f61a02 -> 
  custom:container-demuxer-ogg: 62fdf1f143b41e24485cea50d1cbac27 -> 
  custom:video-encoder-webm-vp8: eb34c28f22e8b96e1ab97ce403110664 -> 
  custom:video-decoder-webm-vp8: 9c59270c3fd7afecdb556c50c9e8de78 -> 
  custom:audio-decoder-ogg-vorbis: bf7c407c2cedff20999df2af8eb42d56 -> 
  custom:audio-encoder-webm-vorbis: bf7c407c2cedff20999df2af8eb42d56 -> 
========================================================================
Received Import Request.
  path: Assets/Scenes/SampleScene.unity
  artifactKey: Guid(9fc0d4010bbf28b4594072e72b8655ab) Importer(815301076,1909f56bfc062723c751e8b465ee728b)
Start importing Assets/Scenes/SampleScene.unity using Guid(9fc0d4010bbf28b4594072e72b8655ab) Importer(815301076,1909f56bfc062723c751e8b465ee728b)  -> (artifact id: '85059f4f9e1a832ed95adaa0d25c5c4c') in 0.011758 seconds 
  Import took 0.013775 seconds .

========================================================================
Received Import Request.
  Time since last request: 15.032711 seconds.
  path: Assets/Scenes/Entregable1.unity
  artifactKey: Guid(9fc0d4010bbf28b4594072e72b8655ab) Importer(815301076,1909f56bfc062723c751e8b465ee728b)
Start importing Assets/Scenes/Entregable1.unity using Guid(9fc0d4010bbf28b4594072e72b8655ab) Importer(815301076,1909f56bfc062723c751e8b465ee728b)  -> (artifact id: 'c0fc37430544b9e1645f8eef5db4cf2e') in 0.001266 seconds 
  Import took 0.007159 seconds .

========================================================================
Received Import Request.
  Time since last request: 1481.019761 seconds.
  path: Assets
  artifactKey: Guid(00000000000000001000000000000000) Importer(815301076,1909f56bfc062723c751e8b465ee728b)
Start importing Assets using Guid(00000000000000001000000000000000) Importer(815301076,1909f56bfc062723c751e8b465ee728b)  -> (artifact id: '42d402b061de3733987d63b9cc3b64de') in 0.001462 seconds 
  Import took 0.005503 seconds .

========================================================================
Received Import Request.
  Time since last request: 5.017411 seconds.
  path: Assets/Prefabs
  artifactKey: Guid(eea2f383b5768dd41a56388b572231ce) Importer(815301076,1909f56bfc062723c751e8b465ee728b)
Start importing Assets/Prefabs using Guid(eea2f383b5768dd41a56388b572231ce) Importer(815301076,1909f56bfc062723c751e8b465ee728b)  -> (artifact id: '95befeb0c31e8371e32e23b3f5d35937') in 0.005367 seconds 
  Import took 0.010305 seconds .

========================================================================
Received Import Request.
  Time since last request: 7.365312 seconds.
  path: Assets/Materials
  artifactKey: Guid(c9fac3579b179564da53d5530c0461e0) Importer(815301076,1909f56bfc062723c751e8b465ee728b)
Start importing Assets/Materials using Guid(c9fac3579b179564da53d5530c0461e0) Importer(815301076,1909f56bfc062723c751e8b465ee728b)  -> (artifact id: 'aa75d8f60456bae5b4c921770e5e8ba5') in 0.001321 seconds 
  Import took 0.004602 seconds .

========================================================================
Received Import Request.
  Time since last request: 6.241377 seconds.
  path: Assets/Textures
  artifactKey: Guid(993c9d617c70faf49bd2d7ba7acfabd6) Importer(815301076,1909f56bfc062723c751e8b465ee728b)
Start importing Assets/Textures using Guid(993c9d617c70faf49bd2d7ba7acfabd6) Importer(815301076,1909f56bfc062723c751e8b465ee728b)  -> (artifact id: '0e6ad09e3faee0124ff170354e6ca985') in 0.001523 seconds 
  Import took 0.004663 seconds .

========================================================================
Received Import Request.
  Time since last request: 5.383751 seconds.
  path: Assets/Prefabs/Player.prefab
  artifactKey: Guid(0ac0d5e70232e1c4cad515f89de03bd0) Importer(815301076,1909f56bfc062723c751e8b465ee728b)
Start importing Assets/Prefabs/Player.prefab using Guid(0ac0d5e70232e1c4cad515f89de03bd0) Importer(815301076,1909f56bfc062723c751e8b465ee728b)  -> (artifact id: '6c88391a17389af8d82346d47aa2a313') in 0.114566 seconds 
  Import took 0.116871 seconds .

========================================================================
Received Import Request.
  Time since last request: 562.117754 seconds.
  path: Assets/Textures/Seamless_Wheel.jpg
  artifactKey: Guid(deeb4b74f3b746d4582a21d2e5ff0856) Importer(815301076,1909f56bfc062723c751e8b465ee728b)
Start importing Assets/Textures/Seamless_Wheel.jpg using Guid(deeb4b74f3b746d4582a21d2e5ff0856) Importer(815301076,1909f56bfc062723c751e8b465ee728b)  -> (artifact id: '1ddc07ce95baff6d103bfa288bba7270') in 0.029477 seconds 
  Import took 0.034203 seconds .

========================================================================
Received Import Request.
  Time since last request: 87.418357 seconds.
  path: Assets/Textures/Seamless_Wheel.jpg
  artifactKey: Guid(deeb4b74f3b746d4582a21d2e5ff0856) Importer(815301076,1909f56bfc062723c751e8b465ee728b)
Start importing Assets/Textures/Seamless_Wheel.jpg using Guid(deeb4b74f3b746d4582a21d2e5ff0856) Importer(815301076,1909f56bfc062723c751e8b465ee728b)  -> (artifact id: 'e57a0145470de7ad794d5ef3f7d7516b') in 0.006217 seconds 
  Import took 0.008671 seconds .

========================================================================
Received Import Request.
  Time since last request: 293.344234 seconds.
  path: Assets/Prefabs/Player 1.prefab
  artifactKey: Guid(4cc836f6c29837f49bad5d13289529aa) Importer(815301076,1909f56bfc062723c751e8b465ee728b)
Start importing Assets/Prefabs/Player 1.prefab using Guid(4cc836f6c29837f49bad5d13289529aa) Importer(815301076,1909f56bfc062723c751e8b465ee728b)  -> (artifact id: 'b692a94f74d1d905f2f1ba03d19f0288') in 0.040328 seconds 
  Import took 0.043192 seconds .

========================================================================
Received Import Request.
  Time since last request: 27.696194 seconds.
  path: Assets/Prefabs/Player 1.prefab
  artifactKey: Guid(4cc836f6c29837f49bad5d13289529aa) Importer(815301076,1909f56bfc062723c751e8b465ee728b)
Start importing Assets/Prefabs/Player 1.prefab using Guid(4cc836f6c29837f49bad5d13289529aa) Importer(815301076,1909f56bfc062723c751e8b465ee728b)  -> (artifact id: 'f921d129f78bda39fb64dacfdf4d1c81') in 0.012226 seconds 
  Import took 0.015062 seconds .

========================================================================
Received Import Request.
  Time since last request: 18.051981 seconds.
  path: Assets/Prefabs/Player 1.prefab
  artifactKey: Guid(4cc836f6c29837f49bad5d13289529aa) Importer(815301076,1909f56bfc062723c751e8b465ee728b)
Start importing Assets/Prefabs/Player 1.prefab using Guid(4cc836f6c29837f49bad5d13289529aa) Importer(815301076,1909f56bfc062723c751e8b465ee728b)  -> (artifact id: '0159986aa693e8f6566d8c5b4521e118') in 0.012001 seconds 
  Import took 0.015101 seconds .

========================================================================
Received Import Request.
  Time since last request: 319.499519 seconds.
  path: Assets/Prefabs/Player.prefab
  artifactKey: Guid(0ac0d5e70232e1c4cad515f89de03bd0) Importer(815301076,1909f56bfc062723c751e8b465ee728b)
Start importing Assets/Prefabs/Player.prefab using Guid(0ac0d5e70232e1c4cad515f89de03bd0) Importer(815301076,1909f56bfc062723c751e8b465ee728b)  -> (artifact id: 'dec052b4566d0e761a33024bf33505b6') in 0.015217 seconds 
  Import took 0.018085 seconds .

========================================================================
Received Import Request.
  Time since last request: 64.414243 seconds.
  path: Assets/Textures/Seamless_Wheel.jpg
  artifactKey: Guid(deeb4b74f3b746d4582a21d2e5ff0856) Importer(815301076,1909f56bfc062723c751e8b465ee728b)
Start importing Assets/Textures/Seamless_Wheel.jpg using Guid(deeb4b74f3b746d4582a21d2e5ff0856) Importer(815301076,1909f56bfc062723c751e8b465ee728b)  -> (artifact id: '7d0c6cc4c7c499f0ccb665376842e6fd') in 0.007532 seconds 
  Import took 0.013268 seconds .

========================================================================
Received Import Request.
  Time since last request: 63.907313 seconds.
  path: Assets/Prefabs/Player Variant.prefab
  artifactKey: Guid(60067550c32054f4ca420427dfc2cfbe) Importer(815301076,1909f56bfc062723c751e8b465ee728b)
Start importing Assets/Prefabs/Player Variant.prefab using Guid(60067550c32054f4ca420427dfc2cfbe) Importer(815301076,1909f56bfc062723c751e8b465ee728b)  -> (artifact id: '0a2ef2b754d7e93508d6dc4017184adf') in 0.020618 seconds 
  Import took 0.023343 seconds .

========================================================================
Received Import Request.
  Time since last request: 29.470052 seconds.
  path: Assets/Prefabs/Enemy.prefab
  artifactKey: Guid(60067550c32054f4ca420427dfc2cfbe) Importer(815301076,1909f56bfc062723c751e8b465ee728b)
Start importing Assets/Prefabs/Enemy.prefab using Guid(60067550c32054f4ca420427dfc2cfbe) Importer(815301076,1909f56bfc062723c751e8b465ee728b)  -> (artifact id: '79683fa3f21daeb98cedd1bebb855baa') in 0.012136 seconds 
  Import took 0.015293 seconds .

AssetImportWorkerClient::OnTransportError - code=2 error=End of file
